
Showing logs for build [32mcb-kubecd-environment-pr-199-94-xw6m8-1[0m stage [32mfrom-build-pack[0m and container [32mstep-credential-initializer-gpdk7[0m
{"level":"warn","ts":1586702048.6936102,"logger":"fallback-logger","caller":"logging/config.go:69","msg":"Fetch GitHub commit ID from kodata failed: \"ref: refs/heads/0.8.0-**-support-backwards-incompats\" is not a valid GitHub commit ID"}
{"level":"info","ts":1586702048.6944416,"logger":"fallback-logger","caller":"creds-init/main.go:40","msg":"Credentials initialized."}

Showing logs for build [32mcb-kubecd-environment-pr-199-94-xw6m8-1[0m stage [32mfrom-build-pack[0m and container [32mstep-working-dir-initializer-t4hhc[0m
{"level":"warn","ts":1586702049.8277557,"logger":"fallback-logger","caller":"logging/config.go:69","msg":"Fetch GitHub commit ID from kodata failed: open /var/run/ko/HEAD: no such file or directory"}
{"level":"info","ts":1586702049.8330293,"logger":"fallback-logger","caller":"bash/main.go:64","msg":"Successfully executed command \"sh -c mkdir -p /workspace/source\"; output "}

Showing logs for build [32mcb-kubecd-environment-pr-199-94-xw6m8-1[0m stage [32mfrom-build-pack[0m and container [32mstep-place-tools[0m

Showing logs for build [32mcb-kubecd-environment-pr-199-94-xw6m8-1[0m stage [32mfrom-build-pack[0m and container [32mstep-git-source-cb-kubecd-environment-pr-199-94-xw6m8-xznvz[0m
{"level":"warn","ts":1586702052.8720973,"logger":"fallback-logger","caller":"logging/config.go:69","msg":"Fetch GitHub commit ID from kodata failed: \"ref: refs/heads/0.8.0-**-support-backwards-incompats\" is not a valid GitHub commit ID"}
{"level":"info","ts":1586702053.9553425,"logger":"fallback-logger","caller":"git/git.go:103","msg":"Successfully cloned https://github.com/cb-kubecd/environment-pr-199-94-boot-vault-gke-staging.git @ master in path /workspace/source"}

Showing logs for build [32mcb-kubecd-environment-pr-199-94-xw6m8-1[0m stage [32mfrom-build-pack[0m and container [32mstep-git-merge[0m
Using SHAs from PULL_REFS=master:c85321b1ff755685121cece1d07708fc8ac0b4aa,1:95d875e517126e0b6f56f8488d54e4679ce2d394
DEBUG: JX_LOG_LEVEL=error LC_ALL=C git fetch origin --unshallow 95d875e517126e0b6f56f8488d54e4679ce2d394: c85321b1ff755685121cece1d07708fc8ac0b4aa:
DEBUG: ran git fetch --unshallow origin 95d875e517126e0b6f56f8488d54e4679ce2d394: c85321b1ff755685121cece1d07708fc8ac0b4aa: in 
DEBUG: LC_ALL=C JX_LOG_LEVEL=error git branch
DEBUG: JX_LOG_LEVEL=error LC_ALL=C git checkout master
DEBUG: ran git checkout master in 
DEBUG: LC_ALL=C JX_LOG_LEVEL=error git reset --hard c85321b1ff755685121cece1d07708fc8ac0b4aa
DEBUG: ran git reset --hard c85321b1ff755685121cece1d07708fc8ac0b4aa in 
DEBUG: LC_ALL=C JX_LOG_LEVEL=error git clean -fd .
DEBUG: ran clean --force -d . in 
DEBUG: LC_ALL=C JX_LOG_LEVEL=error git merge 95d875e517126e0b6f56f8488d54e4679ce2d394
DEBUG: ran git merge 95d875e517126e0b6f56f8488d54e4679ce2d394 in 
DEBUG: LC_ALL=C JX_LOG_LEVEL=error git log --format=%H%x1f%an%x1f%ae%x1f%cn%x1f%ce%x1f%s%n%b%x1e c85321b1ff755685121cece1d07708fc8ac0b4aa..HEAD
Merged SHA 95d875e517126e0b6f56f8488d54e4679ce2d394 with commit message 'chore: Promote bdd-spring-1586701694 to version 0.0.1' into base branch master

Showing logs for build [32mcb-kubecd-environment-pr-199-94-xw6m8-1[0m stage [32mfrom-build-pack[0m and container [32mstep-build-helm-build[0m
WARNING: No $CHART_REPOSITORY defined so using the default value of: http://jenkins-x-chartmuseum:8080
Adding missing Helm repo: storage.googleapis.com https://storage.googleapis.com/chartmuseum.jenkins-x.io
WARNING: No secrets found on "helm/repos" due: reading the secret "helm/repos" from vault: no secret "helm/repos" not found in vault
Read credentials for https://storage.googleapis.com/chartmuseum.jenkins-x.io from vault helm/repos
Successfully added Helm repository storage.googleapis.com.
Adding missing Helm repo: jenkins-x-chartmuseum http://jenkins-x-chartmuseum:8080
WARNING: No secrets found on "helm/repos" due: reading the secret "helm/repos" from vault: no secret "helm/repos" not found in vault
Read credentials for http://jenkins-x-chartmuseum:8080 from vault helm/repos
Successfully added Helm repository jenkins-x-chartmuseum.
WARNING: No $CHART_REPOSITORY defined so using the default value of: http://jenkins-x-chartmuseum:8080
Adding missing Helm repo: chartmuseum.jenkins-x.io http://chartmuseum.jenkins-x.io
WARNING: No secrets found on "helm/repos" due: reading the secret "helm/repos" from vault: no secret "helm/repos" not found in vault
Read credentials for http://chartmuseum.jenkins-x.io from vault helm/repos
Successfully added Helm repository chartmuseum.jenkins-x.io.
