
Showing logs for build [32mcb-kubecd-environment-pr-199-94-s4klj-1[0m stage [32mfrom-build-pack[0m and container [32mstep-credential-initializer-cchwz[0m
{"level":"warn","ts":1586705476.695197,"logger":"fallback-logger","caller":"logging/config.go:69","msg":"Fetch GitHub commit ID from kodata failed: \"ref: refs/heads/0.8.0-**-support-backwards-incompats\" is not a valid GitHub commit ID"}
{"level":"info","ts":1586705476.6960227,"logger":"fallback-logger","caller":"creds-init/main.go:40","msg":"Credentials initialized."}

Showing logs for build [32mcb-kubecd-environment-pr-199-94-s4klj-1[0m stage [32mfrom-build-pack[0m and container [32mstep-working-dir-initializer-6nh6x[0m
{"level":"warn","ts":1586705477.592077,"logger":"fallback-logger","caller":"logging/config.go:69","msg":"Fetch GitHub commit ID from kodata failed: open /var/run/ko/HEAD: no such file or directory"}
{"level":"info","ts":1586705477.5940497,"logger":"fallback-logger","caller":"bash/main.go:64","msg":"Successfully executed command \"sh -c mkdir -p /workspace/source\"; output "}

Showing logs for build [32mcb-kubecd-environment-pr-199-94-s4klj-1[0m stage [32mfrom-build-pack[0m and container [32mstep-place-tools[0m

Showing logs for build [32mcb-kubecd-environment-pr-199-94-s4klj-1[0m stage [32mfrom-build-pack[0m and container [32mstep-git-source-cb-kubecd-environment-pr-199-94-s4klj-vxf29[0m
{"level":"warn","ts":1586705482.900917,"logger":"fallback-logger","caller":"logging/config.go:69","msg":"Fetch GitHub commit ID from kodata failed: \"ref: refs/heads/0.8.0-**-support-backwards-incompats\" is not a valid GitHub commit ID"}
{"level":"info","ts":1586705484.0485995,"logger":"fallback-logger","caller":"git/git.go:103","msg":"Successfully cloned https://github.com/cb-kubecd/environment-pr-199-94-boot-vault-gke-staging.git @ master in path /workspace/source"}

Showing logs for build [32mcb-kubecd-environment-pr-199-94-s4klj-1[0m stage [32mfrom-build-pack[0m and container [32mstep-git-merge[0m
Using SHAs from PULL_REFS=master:f08499dd0fe406c15923f790c0c350b0f2371e81,4:d39588e8e64044723214c46d0b2fa22c86c728ab
DEBUG: LC_ALL=C JX_LOG_LEVEL=error git fetch origin --unshallow d39588e8e64044723214c46d0b2fa22c86c728ab: f08499dd0fe406c15923f790c0c350b0f2371e81:
DEBUG: ran git fetch --unshallow origin d39588e8e64044723214c46d0b2fa22c86c728ab: f08499dd0fe406c15923f790c0c350b0f2371e81: in 
DEBUG: LC_ALL=C JX_LOG_LEVEL=error git branch
DEBUG: LC_ALL=C JX_LOG_LEVEL=error git checkout master
DEBUG: ran git checkout master in 
DEBUG: LC_ALL=C JX_LOG_LEVEL=error git reset --hard f08499dd0fe406c15923f790c0c350b0f2371e81
DEBUG: ran git reset --hard f08499dd0fe406c15923f790c0c350b0f2371e81 in 
DEBUG: JX_LOG_LEVEL=error LC_ALL=C git clean -fd .
DEBUG: ran clean --force -d . in 
DEBUG: JX_LOG_LEVEL=error LC_ALL=C git merge d39588e8e64044723214c46d0b2fa22c86c728ab
DEBUG: ran git merge d39588e8e64044723214c46d0b2fa22c86c728ab in 
DEBUG: LC_ALL=C JX_LOG_LEVEL=error git log --format=%H%x1f%an%x1f%ae%x1f%cn%x1f%ce%x1f%s%n%b%x1e f08499dd0fe406c15923f790c0c350b0f2371e81..HEAD
Merged SHA d39588e8e64044723214c46d0b2fa22c86c728ab with commit message 'chore: Promote bdd-gh-1586703106 to version 0.0.1' into base branch master

Showing logs for build [32mcb-kubecd-environment-pr-199-94-s4klj-1[0m stage [32mfrom-build-pack[0m and container [32mstep-build-helm-build[0m
WARNING: No $CHART_REPOSITORY defined so using the default value of: http://jenkins-x-chartmuseum:8080
Adding missing Helm repo: storage.googleapis.com https://storage.googleapis.com/chartmuseum.jenkins-x.io
WARNING: No secrets found on "helm/repos" due: reading the secret "helm/repos" from vault: no secret "helm/repos" not found in vault
Read credentials for https://storage.googleapis.com/chartmuseum.jenkins-x.io from vault helm/repos
Successfully added Helm repository storage.googleapis.com.
Adding missing Helm repo: jenkins-x-chartmuseum http://jenkins-x-chartmuseum:8080
WARNING: No secrets found on "helm/repos" due: reading the secret "helm/repos" from vault: no secret "helm/repos" not found in vault
Read credentials for http://jenkins-x-chartmuseum:8080 from vault helm/repos
Successfully added Helm repository jenkins-x-chartmuseum.
WARNING: No $CHART_REPOSITORY defined so using the default value of: http://jenkins-x-chartmuseum:8080
Adding missing Helm repo: chartmuseum.jenkins-x.io http://chartmuseum.jenkins-x.io
WARNING: No secrets found on "helm/repos" due: reading the secret "helm/repos" from vault: no secret "helm/repos" not found in vault
Read credentials for http://chartmuseum.jenkins-x.io from vault helm/repos
Successfully added Helm repository chartmuseum.jenkins-x.io.
